Line 10: Class MSForms.MultiPage of control MultiPage1 was not a loaded control class.
Line 16: Class MSForms.Page of control PageCustomer was not a loaded control class.
Line 23: Class MSForms.TextBox of control txtNotes was not a loaded control class.
Line 31: Class MSForms.ComboBox of control cmbPaymentMethod was not a loaded control class.
Line 38: Class MSForms.TextBox of control txtCashierName was not a loaded control class.
Line 45: Class MSForms.TextBox of control txtCustomerEmail was not a loaded control class.
Line 52: Class MSForms.TextBox of control txtCustomerPhone was not a loaded control class.
Line 59: Class MSForms.TextBox of control txtCustomerName was not a loaded control class.
Line 66: Class MSForms.TextBox of control txtReceiptNo was not a loaded control class.
Line 74: Class MSForms.TextBox of control txtDate was not a loaded control class.
Line 82: Class MSForms.Label of control Label10 was not a loaded control class.
Line 90: Class MSForms.Label of control Label9 was not a loaded control class.
Line 98: Class MSForms.Label of control Label8 was not a loaded control class.
Line 106: Class MSForms.Label of control Label7 was not a loaded control class.
Line 114: Class MSForms.Label of control Label6 was not a loaded control class.
Line 122: Class MSForms.Label of control Label5 was not a loaded control class.
Line 130: Class MSForms.Label of control Label4 was not a loaded control class.
Line 138: Class MSForms.Label of control Label3 was not a loaded control class.
Line 147: Class MSForms.Page of control PageItems was not a loaded control class.
Line 154: Class MSForms.CommandButton of control cmdRemoveItem was not a loaded control class.
Line 162: Class MSForms.CommandButton of control cmdAddItem was not a loaded control class.
Line 170: Class MSForms.ListBox of control lstItems was not a loaded control class.
Line 179: Class MSForms.Page of control PageTotals was not a loaded control class.
Line 186: Class MSForms.TextBox of control txtGrandTotal was not a loaded control class.
Line 195: Class MSForms.TextBox of control txtServiceCharge was not a loaded control class.
Line 203: Class MSForms.TextBox of control txtTotalTax was not a loaded control class.
Line 211: Class MSForms.TextBox of control txtTotalDiscount was not a loaded control class.
Line 219: Class MSForms.TextBox of control txtSubtotal was not a loaded control class.
Line 227: Class MSForms.Label of control Label16 was not a loaded control class.
Line 236: Class MSForms.Label of control Label15 was not a loaded control class.
Line 244: Class MSForms.Label of control Label14 was not a loaded control class.
Line 252: Class MSForms.Label of control Label13 was not a loaded control class.
Line 260: Class MSForms.Label of control Label12 was not a loaded control class.
Line 268: Class MSForms.Label of control lblAmountInWords was not a loaded control class.
Line 278: Class MSForms.CommandButton of control cmdCancel was not a loaded control class.
Line 287: Class MSForms.CommandButton of control cmdGenerate was not a loaded control class.
