Line 10: Class MSForms.MultiPage of control MultiPage1 was not a loaded control class.
Line 16: Class MSForms.Page of control PageCompany was not a loaded control class.
Line 23: Class MSForms.CommandButton of control cmdBrowseLogo was not a loaded control class.
Line 31: Class MSForms.TextBox of control txtLogoPath was not a loaded control class.
Line 38: Class MSForms.TextBox of control txtNTN was not a loaded control class.
Line 45: Class MSForms.TextBox of control txtAddress was not a loaded control class.
Line 52: Class MSForms.TextBox of control txtCompanyName was not a loaded control class.
Line 59: Class MSForms.TextBox of control txtCompanyNameUrdu was not a loaded control class.
Line 66: Class MSForms.TextBox of control txtAddressUrdu was not a loaded control class.
Line 73: Class MSForms.Label of control Label11 was not a loaded control class.
Line 81: Class MSForms.Label of control Label10 was not a loaded control class.
Line 89: Class MSForms.Label of control Label4 was not a loaded control class.
Line 97: Class MSForms.Label of control Label3 was not a loaded control class.
Line 105: Class MSForms.Label of control Label2 was not a loaded control class.
Line 113: Class MSForms.Label of control Label1 was not a loaded control class.
Line 122: Class MSForms.Page of control PageCurrency was not a loaded control class.
Line 129: Class MSForms.ComboBox of control cmbPosition was not a loaded control class.
Line 136: Class MSForms.TextBox of control txtDecimalPlaces was not a loaded control class.
Line 143: Class MSForms.TextBox of control txtSymbol was not a loaded control class.
Line 150: Class MSForms.Label of control Label7 was not a loaded control class.
Line 158: Class MSForms.Label of control Label6 was not a loaded control class.
Line 166: Class MSForms.Label of control Label5 was not a loaded control class.
Line 175: Class MSForms.Page of control PageTaxDiscount was not a loaded control class.
Line 182: Class MSForms.TextBox of control txtServiceCharge was not a loaded control class.
Line 189: Class MSForms.TextBox of control txtTaxRate was not a loaded control class.
Line 196: Class MSForms.Label of control Label9 was not a loaded control class.
Line 204: Class MSForms.Label of control Label8 was not a loaded control class.
Line 213: Class MSForms.Page of control PageNumbering was not a loaded control class.
Line 220: Class MSForms.TextBox of control txtNextCounter was not a loaded control class.
Line 227: Class MSForms.TextBox of control txtPrefix was not a loaded control class.
Line 234: Class MSForms.Label of control Label13 was not a loaded control class.
Line 242: Class MSForms.Label of control Label12 was not a loaded control class.
Line 251: Class MSForms.Page of control PageLocalization was not a loaded control class.
Line 258: Class MSForms.CheckBox of control chkUrduMode was not a loaded control class.
Line 266: Class MSForms.OptionButton of control optA4 was not a loaded control class.
Line 274: Class MSForms.OptionButton of control optThermal80 was not a loaded control class.
Line 282: Class MSForms.Label of control Label14 was not a loaded control class.
Line 292: Class MSForms.CommandButton of control cmdCancel was not a loaded control class.
Line 301: Class MSForms.CommandButton of control cmdSave was not a loaded control class.
